16:06:41.001  INFO 13988 --- [restartedMain] c.c.m.MicroserviceChassisApplication     : No active profile set, falling back to default profiles: default
16:06:44.341  WARN 13988 --- [restartedMain] c.n.c.sources.URLConfigurationSource     : No URLs will be polled as dynamic configuration sources.
16:06:44.347  WARN 13988 --- [restartedMain] c.n.c.sources.URLConfigurationSource     : No URLs will be polled as dynamic configuration sources.
16:06:50.206  INFO 13988 --- [restartedMain] c.c.m.MicroserviceChassisApplication     : Started MicroserviceChassisApplication in 12.344 seconds (JVM running for 14.348)
16:07:16.954  WARN 13988 --- [http-nio-8004-exec-3] .w.s.m.a.ResponseStatusExceptionResolver : Resolved [org.springframework.web.server.ResponseStatusException: 400 BAD_REQUEST "param_one must be started with 'microservice'"]
16:10:09.494  WARN 13988 --- [http-nio-8004-exec-7] .m.m.a.ExceptionHandlerExceptionResolver : Resolved [java.lang.NumberFormatException: For input string: "somestring"]
16:10:27.879  WARN 13988 --- [http-nio-8004-exec-9] java.lang.Exception                      : Wrong input on param_two
16:10:27.881  WARN 13988 --- [http-nio-8004-exec-9] .m.m.a.ExceptionHandlerExceptionResolver : Resolved [com.course.microservice.exception.BadInputRequestException: param_two is too long]
16:10:45.102  WARN 13988 --- [http-nio-8004-exec-1] .m.m.a.ExceptionHandlerExceptionResolver : Resolved [java.io.FileNotFoundException: a-not-exists-file.txt (The system cannot find the file specified)]
16:17:09.544 DEBUG 13988 --- [http-nio-8004-exec-4] c.c.m.api.server.chassis.LogApi          : demoLog() starts
16:17:09.586 DEBUG 13988 --- [http-nio-8004-exec-4] c.c.m.api.server.chassis.LogApi          : demoLog() ends
16:17:52.858 DEBUG 13988 --- [http-nio-8004-exec-5] c.c.m.api.server.chassis.LogApi          : demoLog() starts
16:17:53.707 DEBUG 13988 --- [http-nio-8004-exec-5] c.c.m.api.server.chassis.LogApi          : demoLog() ends
11:11:57.128  INFO 23216 --- [restartedMain] c.c.m.MicroserviceChassisApplication     : No active profile set, falling back to default profiles: default
11:11:58.771  WARN 23216 --- [restartedMain] c.n.c.sources.URLConfigurationSource     : No URLs will be polled as dynamic configuration sources.
11:11:58.775  WARN 23216 --- [restartedMain] c.n.c.sources.URLConfigurationSource     : No URLs will be polled as dynamic configuration sources.
11:11:58.879  WARN 23216 --- [restartedMain] ConfigServletWebServerApplicationContext : Exception encountered during context initialization - cancelling refresh attempt: org.springframework.beans.factory.BeanCreationException: Error creating bean with name 'requestMappingHandlerMapping' defined in class path resource [org/springframework/boot/autoconfigure/web/servlet/WebMvcAutoConfiguration$EnableWebMvcConfiguration.class]: Invocation of init method failed; nested exception is java.lang.IllegalStateException: Ambiguous mapping. Cannot map 'logApi2' method 
com.course.microservice.api.server.chassis.LogApi2#demoLog()
to {GET /api/chassis/log, produces [application/json]}: There is already 'logApi' bean method
com.course.microservice.api.server.chassis.LogApi#demoLog() mapped.
11:11:58.899 ERROR 23216 --- [restartedMain] o.s.boot.SpringApplication               : Application run failed

org.springframework.beans.factory.BeanCreationException: Error creating bean with name 'requestMappingHandlerMapping' defined in class path resource [org/springframework/boot/autoconfigure/web/servlet/WebMvcAutoConfiguration$EnableWebMvcConfiguration.class]: Invocation of init method failed; nested exception is java.lang.IllegalStateException: Ambiguous mapping. Cannot map 'logApi2' method 
com.course.microservice.api.server.chassis.LogApi2#demoLog()
to {GET /api/chassis/log, produces [application/json]}: There is already 'logApi' bean method
com.course.microservice.api.server.chassis.LogApi#demoLog() mapped.
	at org.springframework.beans.factory.support.AbstractAutowireCapableBeanFactory.initializeBean(AbstractAutowireCapableBeanFactory.java:1796)
	at org.springframework.beans.factory.support.AbstractAutowireCapableBeanFactory.doCreateBean(AbstractAutowireCapableBeanFactory.java:595)
	at org.springframework.beans.factory.support.AbstractAutowireCapableBeanFactory.createBean(AbstractAutowireCapableBeanFactory.java:517)
	at org.springframework.beans.factory.support.AbstractBeanFactory.lambda$doGetBean$0(AbstractBeanFactory.java:323)
	at org.springframework.beans.factory.support.DefaultSingletonBeanRegistry.getSingleton(DefaultSingletonBeanRegistry.java:222)
	at org.springframework.beans.factory.support.AbstractBeanFactory.doGetBean(AbstractBeanFactory.java:321)
	at org.springframework.beans.factory.support.AbstractBeanFactory.getBean(AbstractBeanFactory.java:202)
	at org.springframework.beans.factory.support.DefaultListableBeanFactory.preInstantiateSingletons(DefaultListableBeanFactory.java:879)
	at org.springframework.context.support.AbstractApplicationContext.finishBeanFactoryInitialization(AbstractApplicationContext.java:878)
	at org.springframework.context.support.AbstractApplicationContext.refresh(AbstractApplicationContext.java:550)
	at org.springframework.boot.web.servlet.context.ServletWebServerApplicationContext.refresh(ServletWebServerApplicationContext.java:141)
	at org.springframework.boot.SpringApplication.refresh(SpringApplication.java:747)
	at org.springframework.boot.SpringApplication.refreshContext(SpringApplication.java:397)
	at org.springframework.boot.SpringApplication.run(SpringApplication.java:315)
	at org.springframework.boot.SpringApplication.run(SpringApplication.java:1226)
	at org.springframework.boot.SpringApplication.run(SpringApplication.java:1215)
	at com.course.microservice.MicroserviceChassisApplication.main(MicroserviceChassisApplication.java:10)
	at java.base/jdk.internal.reflect.NativeMethodAccessorImpl.invoke0(Native Method)
	at java.base/jdk.internal.reflect.NativeMethodAccessorImpl.invoke(NativeMethodAccessorImpl.java:62)
	at java.base/jdk.internal.reflect.DelegatingMethodAccessorImpl.invoke(DelegatingMethodAccessorImpl.java:43)
	at java.base/java.lang.reflect.Method.invoke(Method.java:567)
	at org.springframework.boot.devtools.restart.RestartLauncher.run(RestartLauncher.java:49)
Caused by: java.lang.IllegalStateException: Ambiguous mapping. Cannot map 'logApi2' method 
com.course.microservice.api.server.chassis.LogApi2#demoLog()
to {GET /api/chassis/log, produces [application/json]}: There is already 'logApi' bean method
com.course.microservice.api.server.chassis.LogApi#demoLog() mapped.
	at org.springframework.web.servlet.handler.AbstractHandlerMethodMapping$MappingRegistry.validateMethodMapping(AbstractHandlerMethodMapping.java:632)
	at org.springframework.web.servlet.handler.AbstractHandlerMethodMapping$MappingRegistry.register(AbstractHandlerMethodMapping.java:599)
	at org.springframework.web.servlet.handler.AbstractHandlerMethodMapping.registerHandlerMethod(AbstractHandlerMethodMapping.java:318)
	at org.springframework.web.servlet.mvc.method.annotation.RequestMappingHandlerMapping.registerHandlerMethod(RequestMappingHandlerMapping.java:350)
	at org.springframework.web.servlet.mvc.method.annotation.RequestMappingHandlerMapping.registerHandlerMethod(RequestMappingHandlerMapping.java:67)
	at org.springframework.web.servlet.handler.AbstractHandlerMethodMapping.lambda$detectHandlerMethods$1(AbstractHandlerMethodMapping.java:288)
	at java.base/java.util.LinkedHashMap.forEach(LinkedHashMap.java:684)
	at org.springframework.web.servlet.handler.AbstractHandlerMethodMapping.detectHandlerMethods(AbstractHandlerMethodMapping.java:286)
	at org.springframework.web.servlet.handler.AbstractHandlerMethodMapping.processCandidateBean(AbstractHandlerMethodMapping.java:258)
	at org.springframework.web.servlet.handler.AbstractHandlerMethodMapping.initHandlerMethods(AbstractHandlerMethodMapping.java:217)
	at org.springframework.web.servlet.handler.AbstractHandlerMethodMapping.afterPropertiesSet(AbstractHandlerMethodMapping.java:205)
	at org.springframework.web.servlet.mvc.method.annotation.RequestMappingHandlerMapping.afterPropertiesSet(RequestMappingHandlerMapping.java:171)
	at org.springframework.beans.factory.support.AbstractAutowireCapableBeanFactory.invokeInitMethods(AbstractAutowireCapableBeanFactory.java:1855)
	at org.springframework.beans.factory.support.AbstractAutowireCapableBeanFactory.initializeBean(AbstractAutowireCapableBeanFactory.java:1792)
	... 21 common frames omitted

11:12:11.988  INFO 11436 --- [restartedMain] c.c.m.MicroserviceChassisApplication     : No active profile set, falling back to default profiles: default
11:12:13.278  WARN 11436 --- [restartedMain] c.n.c.sources.URLConfigurationSource     : No URLs will be polled as dynamic configuration sources.
11:12:13.281  WARN 11436 --- [restartedMain] c.n.c.sources.URLConfigurationSource     : No URLs will be polled as dynamic configuration sources.
11:12:15.430  INFO 11436 --- [restartedMain] c.c.m.MicroserviceChassisApplication     : Started MicroserviceChassisApplication in 4.739 seconds (JVM running for 5.503)
11:12:36.594  INFO 11436 --- [restartedMain] c.c.m.MicroserviceChassisApplication     : No active profile set, falling back to default profiles: default
11:12:37.036  WARN 11436 --- [restartedMain] c.n.c.sources.URLConfigurationSource     : No URLs will be polled as dynamic configuration sources.
11:12:38.582  INFO 11436 --- [restartedMain] c.c.m.MicroserviceChassisApplication     : Started MicroserviceChassisApplication in 2.801 seconds (JVM running for 28.655)
11:13:23.005  INFO 11436 --- [restartedMain] c.c.m.MicroserviceChassisApplication     : No active profile set, falling back to default profiles: default
11:13:23.422  WARN 11436 --- [restartedMain] c.n.c.sources.URLConfigurationSource     : No URLs will be polled as dynamic configuration sources.
11:13:24.719  INFO 11436 --- [restartedMain] c.c.m.MicroserviceChassisApplication     : Started MicroserviceChassisApplication in 2.373 seconds (JVM running for 74.792)
11:13:50.328  INFO 11436 --- [restartedMain] c.c.m.MicroserviceChassisApplication     : No active profile set, falling back to default profiles: default
11:13:50.749  WARN 11436 --- [restartedMain] c.n.c.sources.URLConfigurationSource     : No URLs will be polled as dynamic configuration sources.
11:13:52.281  INFO 11436 --- [restartedMain] c.c.m.MicroserviceChassisApplication     : Started MicroserviceChassisApplication in 2.646 seconds (JVM running for 102.353)
11:14:10.558  INFO 11436 --- [restartedMain] c.c.m.MicroserviceChassisApplication     : No active profile set, falling back to default profiles: default
11:14:10.976  WARN 11436 --- [restartedMain] c.n.c.sources.URLConfigurationSource     : No URLs will be polled as dynamic configuration sources.
11:14:12.348  INFO 11436 --- [restartedMain] c.c.m.MicroserviceChassisApplication     : Started MicroserviceChassisApplication in 2.475 seconds (JVM running for 122.42)
11:14:44.961  INFO 11436 --- [restartedMain] c.c.m.MicroserviceChassisApplication     : No active profile set, falling back to default profiles: default
11:14:45.377  WARN 11436 --- [restartedMain] c.n.c.sources.URLConfigurationSource     : No URLs will be polled as dynamic configuration sources.
11:14:46.867  INFO 11436 --- [restartedMain] c.c.m.MicroserviceChassisApplication     : Started MicroserviceChassisApplication in 2.599 seconds (JVM running for 156.94)
11:29:41.634  INFO 19320 --- [restartedMain] c.c.m.MicroserviceChassisApplication     : No active profile set, falling back to default profiles: default
11:29:44.344  WARN 19320 --- [restartedMain] c.n.c.sources.URLConfigurationSource     : No URLs will be polled as dynamic configuration sources.
11:29:44.348  WARN 19320 --- [restartedMain] c.n.c.sources.URLConfigurationSource     : No URLs will be polled as dynamic configuration sources.
11:29:48.274  INFO 19320 --- [restartedMain] c.c.m.MicroserviceChassisApplication     : Started MicroserviceChassisApplication in 9.424 seconds (JVM running for 11.049)
11:37:32.661  INFO 19320 --- [restartedMain] c.c.m.MicroserviceChassisApplication     : No active profile set, falling back to default profiles: default
11:37:33.097  WARN 19320 --- [restartedMain] c.n.c.sources.URLConfigurationSource     : No URLs will be polled as dynamic configuration sources.
11:37:34.485  INFO 19320 --- [restartedMain] c.c.m.MicroserviceChassisApplication     : Started MicroserviceChassisApplication in 2.511 seconds (JVM running for 477.26)
11:37:38.860  INFO 19320 --- [restartedMain] c.c.m.MicroserviceChassisApplication     : No active profile set, falling back to default profiles: default
11:37:39.267  WARN 19320 --- [restartedMain] c.n.c.sources.URLConfigurationSource     : No URLs will be polled as dynamic configuration sources.
11:37:40.559  INFO 19320 --- [restartedMain] c.c.m.MicroserviceChassisApplication     : Started MicroserviceChassisApplication in 2.378 seconds (JVM running for 483.335)
11:37:43.983  INFO 19320 --- [restartedMain] c.c.m.MicroserviceChassisApplication     : No active profile set, falling back to default profiles: default
11:37:44.409  WARN 19320 --- [restartedMain] c.n.c.sources.URLConfigurationSource     : No URLs will be polled as dynamic configuration sources.
11:37:45.772  INFO 19320 --- [restartedMain] c.c.m.MicroserviceChassisApplication     : Started MicroserviceChassisApplication in 2.47 seconds (JVM running for 488.547)
11:37:47.123  INFO 19320 --- [restartedMain] c.c.m.MicroserviceChassisApplication     : No active profile set, falling back to default profiles: default
11:37:47.519  WARN 19320 --- [restartedMain] c.n.c.sources.URLConfigurationSource     : No URLs will be polled as dynamic configuration sources.
11:37:48.812  INFO 19320 --- [restartedMain] c.c.m.MicroserviceChassisApplication     : Started MicroserviceChassisApplication in 2.358 seconds (JVM running for 491.587)
